<?xml version="1.0" encoding="UTF-8"?>
<!-- Generated by org.testng.reporters.JUnitReportReporter -->
<testsuite hostname="Shree" failures="0" tests="1" name="TestCases.HomePageTest" time="38.340" errors="0" timestamp="2024-12-16T14:04:02 IST" skipped="0">
  <testcase classname="TestCases.HomePageTest" name="addMultipleProducts" time="38.340"/>
</testsuite> <!-- TestCases.HomePageTest -->
