<?xml version="1.0" encoding="UTF-8"?>
<!-- Generated by org.testng.reporters.JUnitReportReporter -->
<testsuite hostname="Shree" failures="0" tests="1" name="TestCases.SignUpTest" time="27.611" errors="0" timestamp="2024-12-15T19:27:55 IST" skipped="0">
  <testcase classname="TestCases.SignUpTest" name="SignUp" time="27.611"/>
</testsuite> <!-- TestCases.SignUpTest -->
