<?xml version="1.0" encoding="UTF-8"?>
<!-- Generated by org.testng.reporters.JUnitReportReporter -->
<testsuite hostname="Shree" failures="0" tests="1" name="TestCases.LoginTest" time="13.377" errors="0" timestamp="2024-12-09T15:23:33 IST" skipped="0">
  <testcase classname="TestCases.LoginTest" name="loginWithInValidCred" time="13.377"/>
</testsuite> <!-- TestCases.LoginTest -->
